make[1]: Entering directory `/home/echoi/opt/SNAC_realclean/Snac/plugins/plastic_BI'
/usr/bin/cc -pipe  -DVERSION=\"19197\" -DCURR_MODULE_NAME=\"SnacPlastic\" -DPLUGIN_NAME=SnacPlastic -Wall -g   -fPIC -c -o /home/echoi/opt/SNAC_realclean/build/tmp/mod-SnacPlasticmodule.so/Element.o -I/home/echoi/opt/SNAC_realclean/build/include   -I/home/echoi/opt/SNAC_realclean/build/include/StGermain -I/home/echoi/opt/SNAC_realclean/build/include   -I/usr/lib/openmpi/include   -I/usr/include/libxml2     -I/usr/local/include -DHAVE_GSL=1    Element.c
/usr/bin/cc -pipe  -DVERSION=\"19197\" -DCURR_MODULE_NAME=\"SnacPlastic\" -DPLUGIN_NAME=SnacPlastic -Wall -g   -fPIC -c -o /home/echoi/opt/SNAC_realclean/build/tmp/mod-SnacPlasticmodule.so/Context.o -I/home/echoi/opt/SNAC_realclean/build/include   -I/home/echoi/opt/SNAC_realclean/build/include/StGermain -I/home/echoi/opt/SNAC_realclean/build/include   -I/usr/lib/openmpi/include   -I/usr/include/libxml2     -I/usr/local/include -DHAVE_GSL=1    Context.c
/usr/bin/cc -pipe  -DVERSION=\"19197\" -DCURR_MODULE_NAME=\"SnacPlastic\" -DPLUGIN_NAME=SnacPlastic -Wall -g   -fPIC -c -o /home/echoi/opt/SNAC_realclean/build/tmp/mod-SnacPlasticmodule.so/ConstructExtensions.o -I/home/echoi/opt/SNAC_realclean/build/include   -I/home/echoi/opt/SNAC_realclean/build/include/StGermain -I/home/echoi/opt/SNAC_realclean/build/include   -I/usr/lib/openmpi/include   -I/usr/include/libxml2     -I/usr/local/include -DHAVE_GSL=1    ConstructExtensions.c
/usr/bin/cc -pipe  -DVERSION=\"19197\" -DCURR_MODULE_NAME=\"SnacPlastic\" -DPLUGIN_NAME=SnacPlastic -Wall -g   -fPIC -c -o /home/echoi/opt/SNAC_realclean/build/tmp/mod-SnacPlasticmodule.so/Constitutive.o -I/home/echoi/opt/SNAC_realclean/build/include   -I/home/echoi/opt/SNAC_realclean/build/include/StGermain -I/home/echoi/opt/SNAC_realclean/build/include   -I/usr/lib/openmpi/include   -I/usr/include/libxml2     -I/usr/local/include -DHAVE_GSL=1    Constitutive.c
Constitutive.c: In function ‘SnacPlastic_Constitutive’:
Constitutive.c:234:5: warning: passing argument 3 of ‘Journal_Firewall’ discards ‘const’ qualifier from pointer target type [enabled by default]
/home/echoi/opt/SNAC_realclean/build/include/StGermain/Base/IO/Journal.h:226:6: note: expected ‘char *’ but argument is of type ‘const char *’
Constitutive.c:70:17: warning: variable ‘temperatureEP’ set but not used [-Wunused-but-set-variable]
/usr/bin/cc -pipe  -DVERSION=\"19197\" -DCURR_MODULE_NAME=\"SnacPlastic\" -DPLUGIN_NAME=SnacPlastic -Wall -g   -fPIC -c -o /home/echoi/opt/SNAC_realclean/build/tmp/mod-SnacPlasticmodule.so/Output.o -I/home/echoi/opt/SNAC_realclean/build/include   -I/home/echoi/opt/SNAC_realclean/build/include/StGermain -I/home/echoi/opt/SNAC_realclean/build/include   -I/usr/lib/openmpi/include   -I/usr/include/libxml2     -I/usr/local/include -DHAVE_GSL=1    Output.c
/usr/bin/cc -pipe  -DVERSION=\"19197\" -DCURR_MODULE_NAME=\"SnacPlastic\" -DPLUGIN_NAME=SnacPlastic -Wall -g   -fPIC -c -o /home/echoi/opt/SNAC_realclean/build/tmp/mod-SnacPlasticmodule.so/Register.o -I/home/echoi/opt/SNAC_realclean/build/include   -I/home/echoi/opt/SNAC_realclean/build/include/StGermain -I/home/echoi/opt/SNAC_realclean/build/include   -I/usr/lib/openmpi/include   -I/usr/include/libxml2     -I/usr/local/include -DHAVE_GSL=1    Register.c
/usr/bin/cc -pipe  -DVERSION=\"19197\" -DCURR_MODULE_NAME=\"SnacPlastic\" -DPLUGIN_NAME=SnacPlastic -Wall -g   -fPIC -c -o /home/echoi/opt/SNAC_realclean/build/tmp/mod-SnacPlasticmodule.so/InitialConditions.o -I/home/echoi/opt/SNAC_realclean/build/include   -I/home/echoi/opt/SNAC_realclean/build/include/StGermain -I/home/echoi/opt/SNAC_realclean/build/include   -I/usr/lib/openmpi/include   -I/usr/include/libxml2     -I/usr/local/include -DHAVE_GSL=1    InitialConditions.c
/usr/bin/cc -pipe  -DVERSION=\"19197\" -DCURR_MODULE_NAME=\"SnacPlastic\" -DPLUGIN_NAME=SnacPlastic -Wall -g   -fPIC -c -o /home/echoi/opt/SNAC_realclean/build/tmp/mod-SnacPlasticmodule.so/Remesh.o -I/home/echoi/opt/SNAC_realclean/build/include   -I/home/echoi/opt/SNAC_realclean/build/include/StGermain -I/home/echoi/opt/SNAC_realclean/build/include   -I/usr/lib/openmpi/include   -I/usr/include/libxml2     -I/usr/local/include -DHAVE_GSL=1    Remesh.c
Remesh.c: In function ‘_SnacPlastic_InterpolateElement’:
Remesh.c:65:14: warning: unused variable ‘coef_I’ [-Wunused-variable]
Remesh.c:64:24: warning: variable ‘eltdI’ set but not used [-Wunused-but-set-variable]
Remesh.c:61:23: warning: unused variable ‘elementExt’ [-Wunused-variable]
Remesh.c:54:23: warning: unused variable ‘meshExt’ [-Wunused-variable]
/usr/bin/cc -pipe  -DVERSION=\"19197\" -DCURR_MODULE_NAME=\"SnacPlastic\" -DPLUGIN_NAME=SnacPlastic -Wall -g   -o /home/echoi/opt/SNAC_realclean/build/tmp/mod-SnacPlasticmodule.so/SnacPlasticmodule.so /home/echoi/opt/SNAC_realclean/build/tmp/mod-SnacPlasticmodule.so/Element.o /home/echoi/opt/SNAC_realclean/build/tmp/mod-SnacPlasticmodule.so/Context.o /home/echoi/opt/SNAC_realclean/build/tmp/mod-SnacPlasticmodule.so/ConstructExtensions.o /home/echoi/opt/SNAC_realclean/build/tmp/mod-SnacPlasticmodule.so/Constitutive.o /home/echoi/opt/SNAC_realclean/build/tmp/mod-SnacPlasticmodule.so/Output.o /home/echoi/opt/SNAC_realclean/build/tmp/mod-SnacPlasticmodule.so/Register.o /home/echoi/opt/SNAC_realclean/build/tmp/mod-SnacPlasticmodule.so/InitialConditions.o /home/echoi/opt/SNAC_realclean/build/tmp/mod-SnacPlasticmodule.so/Remesh.o  -shared  -L/home/echoi/opt/SNAC_realclean/build/lib   -L/home/echoi/opt/SNAC_realclean/build/lib  -lSnac -lStGermain   -L/usr/lib/openmpi/lib -lmpi   -lxml2   -lm   -L/usr/local/lib -lgsl -lgslcblas   -Xlinker -rpath -Xlinker /usr/lib/openmpi/lib         -Xlinker -rpath -Xlinker /usr/local/lib   
/bin/cp -f /home/echoi/opt/SNAC_realclean/build/tmp/mod-SnacPlasticmodule.so/SnacPlasticmodule.so /home/echoi/opt/SNAC_realclean/build/lib/SnacPlasticmodule.so
make[1]: Leaving directory `/home/echoi/opt/SNAC_realclean/Snac/plugins/plastic_BI'
